[debug] [2022-08-05T13:31:52.749Z] ----------------------------------------------------------------------
[debug] [2022-08-05T13:31:52.753Z] Command:       C:\Program Files\nodejs\node.exe C:\Users\AndyZ\AppData\Roaming\npm\node_modules\firebase-tools\lib\bin\firebase.js init hosting
[debug] [2022-08-05T13:31:52.754Z] CLI Version:   11.4.2
[debug] [2022-08-05T13:31:52.754Z] Platform:      win32
[debug] [2022-08-05T13:31:52.754Z] Node Version:  v16.16.0
[debug] [2022-08-05T13:31:52.756Z] Time:          Fri Aug 05 2022 23:31:52 GMT+1000 (Australian Eastern Standard Time)
[debug] [2022-08-05T13:31:52.757Z] ----------------------------------------------------------------------
[debug] 
[debug] [2022-08-05T13:31:52.771Z] > command requires scopes: ["email","openid","https://www.googleapis.com/auth/cloudplatformprojects.readonly","https://www.googleapis.com/auth/firebase","https://www.googleapis.com/auth/cloud-platform"]
[debug] [2022-08-05T13:31:52.772Z] > authorizing via signed-in user (jzho0079@student.monash.edu)
[info] 
     ######## #### ########  ######## ########     ###     ######  ########
     ##        ##  ##     ## ##       ##     ##  ##   ##  ##       ##
     ######    ##  ########  ######   ########  #########  ######  ######
     ##        ##  ##    ##  ##       ##     ## ##     ##       ## ##
     ##       #### ##     ## ######## ########  ##     ##  ######  ########

You're about to initialize a Firebase project in this directory:

  C:\Users\AndyZ\Desktop\Personal\learnreact\inventory-manager

[info] 
=== Project Setup
[info] 
[info] First, let's associate this project directory with a Firebase project.
[info] You can create multiple project aliases by running firebase use --add, 
[info] but for now we'll just set up a default project.
[info] 
[debug] [2022-08-05T13:32:15.970Z] >>> [apiv2][query] GET https://firebase.googleapis.com/v1beta1/projects pageSize=100
[debug] [2022-08-05T13:32:17.166Z] <<< [apiv2][status] GET https://firebase.googleapis.com/v1beta1/projects 200
[debug] [2022-08-05T13:32:17.167Z] <<< [apiv2][body] GET https://firebase.googleapis.com/v1beta1/projects [omitted]
[info] i  Using project inventory-db-a3a4c (inventory-db) 
[info] 
=== Hosting Setup
[info] 
[info] Your public directory is the folder (relative to your project directory) that
[info] will contain Hosting assets to be uploaded with firebase deploy. If you
[info] have a build process for your assets, use your build's output directory.
[info] 
[debug] [2022-08-05T13:32:29.294Z] >>> [apiv2][query] GET https://www.gstatic.com/firebasejs/releases.json [none]
[debug] [2022-08-05T13:32:29.571Z] <<< [apiv2][status] GET https://www.gstatic.com/firebasejs/releases.json 200
[debug] [2022-08-05T13:32:29.571Z] <<< [apiv2][body] GET https://www.gstatic.com/firebasejs/releases.json {"current":{"version":"9.9.2","browserURL":"https://www.gstatic.com/firebasejs/9.9.2/firebase.js","packageURL":"https://www.gstatic.com/firebasejs/9.9.2/firebase.tgz"},"live":{"version":"9.9","browserURL":"https://www.gstatic.com/firebasejs/live/9.9/firebase.js","packageURL":"https://www.gstatic.com/firebasejs/live/9.9/firebase.tgz"},"components":{"analytics":"https://www.gstatic.com/firebasejs/9.9.2/firebase-analytics.js","app":"https://www.gstatic.com/firebasejs/9.9.2/firebase-app.js","app-check":"https://www.gstatic.com/firebasejs/9.9.2/firebase-app-check.js","auth":"https://www.gstatic.com/firebasejs/9.9.2/firebase-auth.js","auth/cordova":"https://www.gstatic.com/firebasejs/9.9.2/firebase-auth/cordova.js","auth/react-native":"https://www.gstatic.com/firebasejs/9.9.2/firebase-auth/react-native.js","functions":"https://www.gstatic.com/firebasejs/9.9.2/firebase-functions.js","firestore":"https://www.gstatic.com/firebasejs/9.9.2/firebase-firestore.js","firestore/lite":"https://www.gstatic.com/firebasejs/9.9.2/firebase-firestore/lite.js","installations":"https://www.gstatic.com/firebasejs/9.9.2/firebase-installations.js","storage":"https://www.gstatic.com/firebasejs/9.9.2/firebase-storage.js","performance":"https://www.gstatic.com/firebasejs/9.9.2/firebase-performance.js","remote-config":"https://www.gstatic.com/firebasejs/9.9.2/firebase-remote-config.js","messaging":"https://www.gstatic.com/firebasejs/9.9.2/firebase-messaging.js","messaging/sw":"https://www.gstatic.com/firebasejs/9.9.2/firebase-messaging/sw.js","database":"https://www.gstatic.com/firebasejs/9.9.2/firebase-database.js","firestore.memory":"https://www.gstatic.com/firebasejs/9.9.2/firebase-firestore.memory.js"}}
[info] +  Wrote public/index.html 
[info] 
[info] i  Didn't detect a .git folder. Assuming C:\Users\AndyZ\Desktop\Personal\learnreact\inventory-manager is the project root. 
[info] i  Authorizing with GitHub to upload your service account to a GitHub repository's secrets store. 
[info] 
[info] Visit this URL on this device to log in:
[info] https://github.com/login/oauth/authorize?client_id=89cf50f02ac6aaed3484&state=865957937&redirect_uri=http%3A%2F%2Flocalhost%3A9005&scope=read%3Auser%20repo%20public_repo
[info] 
[info] Waiting for authentication...
[debug] [2022-08-05T13:32:44.223Z] >>> [apiv2][query] POST https://github.com/login/oauth/access_token [none]
[debug] [2022-08-05T13:32:44.224Z] >>> [apiv2][body] POST https://github.com/login/oauth/access_token [stream]
[debug] [2022-08-05T13:32:44.641Z] <<< [apiv2][status] POST https://github.com/login/oauth/access_token 200
[debug] [2022-08-05T13:32:44.642Z] <<< [apiv2][body] POST https://github.com/login/oauth/access_token {"access_token":"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","token_type":"bearer","scope":"read:user,repo"}
[debug] [2022-08-05T13:32:44.651Z] >>> [apiv2][query] GET https://api.github.com/user [none]
[debug] [2022-08-05T13:32:45.037Z] <<< [apiv2][status] GET https://api.github.com/user 200
[debug] [2022-08-05T13:32:45.037Z] <<< [apiv2][body] GET https://api.github.com/user {"login":"v1ta1287","id":71425200,"node_id":"MDQ6VXNlcjcxNDI1MjAw","avatar_url":"https://avatars.githubusercontent.com/u/71425200?v=4","gravatar_id":"","url":"https://api.github.com/users/v1ta1287","html_url":"https://github.com/v1ta1287","followers_url":"https://api.github.com/users/v1ta1287/followers","following_url":"https://api.github.com/users/v1ta1287/following{/other_user}","gists_url":"https://api.github.com/users/v1ta1287/gists{/gist_id}","starred_url":"https://api.github.com/users/v1ta1287/starred{/owner}{/repo}","subscriptions_url":"https://api.github.com/users/v1ta1287/subscriptions","organizations_url":"https://api.github.com/users/v1ta1287/orgs","repos_url":"https://api.github.com/users/v1ta1287/repos","events_url":"https://api.github.com/users/v1ta1287/events{/privacy}","received_events_url":"https://api.github.com/users/v1ta1287/received_events","type":"User","site_admin":false,"name":"Andy Zhong","company":null,"blog":"","location":"Melbourne, Australia","email":null,"hireable":null,"bio":"Aspiring Software Engineer. Currently studying at Monash University.\r\n\r\n","twitter_username":null,"public_repos":4,"public_gists":0,"followers":1,"following":0,"created_at":"2020-09-17T05:41:29Z","updated_at":"2022-06-19T07:51:50Z","private_gists":0,"total_private_repos":1,"owned_private_repos":1,"disk_usage":76,"collaborators":0,"two_factor_authentication":false,"plan":{"name":"free","space":976562499,"collaborators":0,"private_repos":10000}}
[info] 
[info] +  Success! Logged into GitHub as v1ta1287 
[info] 
[debug] [2022-08-05T13:32:49.237Z] >>> [apiv2][query] GET https://api.github.com/repos//actions/secrets/public-key type=owner
[debug] [2022-08-05T13:32:49.573Z] <<< [apiv2][status] GET https://api.github.com/repos//actions/secrets/public-key 404
[debug] [2022-08-05T13:32:49.573Z] <<< [apiv2][body] GET https://api.github.com/repos//actions/secrets/public-key {"message":"Not Found","documentation_url":"https://docs.github.com/rest"}
[debug] [2022-08-05T13:40:43.857Z] Error: kill ENOSYS
    at process.kill (node:internal/process/per_thread:220:13)
    at process.listener (C:\Users\AndyZ\AppData\Roaming\npm\node_modules\firebase-tools\node_modules\signal-exit\index.js:95:15)
    at process.emit (node:events:527:28)
[error] 
[error] Error: An unexpected error has occurred.
